<?xml version="1.0" encoding="UTF-8"?>
<!-- Generated by org.testng.reporters.JUnitReportReporter -->
<testsuite hostname="DESKTOP-CCOTS10" failures="0" tests="2" name="com.Guru99Bank._TC.LoginSection_TC" time="0.001" errors="1" timestamp="2023-08-26T11:36:02 IST" skipped="1">
  <testcase classname="com.Guru99Bank._TC.LoginSection_TC" name="VerifyLoginSection" time="0.000">
    <skipped/>
  </testcase> <!-- VerifyLoginSection -->
  <system-out/>
  <testcase classname="com.Guru99Bank._TC.LoginSection_TC" name="setup" time="0.001">
    <error message="Cannot invoke &quot;com.Guru99Bank_Utility.ConfigDataProvider.getBrowser(org.openqa.selenium.WebDriver)&quot; because &quot;this.config&quot; is null" type="java.lang.NullPointerException">
      <![CDATA[java.lang.NullPointerException: Cannot invoke "com.Guru99Bank_Utility.ConfigDataProvider.getBrowser(org.openqa.selenium.WebDriver)" because "this.config" is null
at com.Guru99Bank_Utility.BaseClass.setup(BaseClass.java:41)
at java.base/jdk.internal.reflect.DirectMethodHandleAccessor.invoke(DirectMethodHandleAccessor.java:104)
at java.base/java.lang.reflect.Method.invoke(Method.java:578)
at org.testng.internal.MethodInvocationHelper.invokeMethod(MethodInvocationHelper.java:133)
at org.testng.internal.MethodInvocationHelper.invokeMethodConsideringTimeout(MethodInvocationHelper.java:62)
at org.testng.internal.ConfigInvoker.invokeConfigurationMethod(ConfigInvoker.java:385)
at org.testng.internal.ConfigInvoker.invokeConfigurations(ConfigInvoker.java:321)
at org.testng.internal.TestMethodWorker.invokeBeforeClassMethods(TestMethodWorker.java:176)
at org.testng.internal.TestMethodWorker.run(TestMethodWorker.java:122)
at java.base/java.util.concurrent.ThreadPoolExecutor.runWorker(ThreadPoolExecutor.java:1144)
at java.base/java.util.concurrent.ThreadPoolExecutor$Worker.run(ThreadPoolExecutor.java:642)
at java.base/java.lang.Thread.run(Thread.java:1589)
]]>
    </error>
  </testcase> <!-- setup -->
  <system-out/>
</testsuite> <!-- com.Guru99Bank._TC.LoginSection_TC -->
