<?xml version="1.0" encoding="UTF-8"?>
<!-- Generated by org.testng.reporters.JUnitReportReporter -->
<testsuite hostname="DESKTOP-CCOTS10" failures="0" tests="1" name="com.Guru99Telecom_TC.AddTariffPlan_TC" time="3.645" errors="0" timestamp="2023-09-01T08:31:58 IST" skipped="0">
  <testcase classname="com.Guru99Telecom_TC.AddTariffPlan_TC" name="VerifyTariffPlan" time="3.645"/>
  <system-out/>
</testsuite> <!-- com.Guru99Telecom_TC.AddTariffPlan_TC -->
