<?xml version="1.0" encoding="UTF-8"?>
<!-- Generated by org.testng.reporters.JUnitReportReporter -->
<testsuite hostname="DESKTOP-CCOTS10" failures="0" tests="1" name="com.Guru99Bank._TC.WithDrawalSection_TC" time="3.174" errors="0" timestamp="2023-08-26T11:08:15 IST" skipped="0">
  <testcase classname="com.Guru99Bank._TC.WithDrawalSection_TC" name="VerifyWithdrawal" time="3.174"/>
  <system-out/>
</testsuite> <!-- com.Guru99Bank._TC.WithDrawalSection_TC -->
