<?xml version="1.0" encoding="UTF-8"?>
<!-- Generated by org.testng.reporters.JUnitReportReporter -->
<testsuite hostname="DESKTOP-CCOTS10" failures="0" tests="1" name="com.Guru99Bank._TC.NewCustomer_TC" time="5.092" errors="0" timestamp="2023-08-27T14:52:13 IST" skipped="0">
  <testcase classname="com.Guru99Bank._TC.NewCustomer_TC" name="VerifyNewCustomer" time="5.092"/>
  <system-out/>
</testsuite> <!-- com.Guru99Bank._TC.NewCustomer_TC -->
