<?xml version="1.0" encoding="UTF-8"?>
<!-- Generated by org.testng.reporters.JUnitReportReporter -->
<testsuite hostname="DESKTOP-CCOTS10" failures="0" tests="1" name="com.Guru99Bank._TC.FundTransfer_TC" time="3.531" errors="0" timestamp="2023-08-27T15:33:45 IST" skipped="0">
  <testcase classname="com.Guru99Bank._TC.FundTransfer_TC" name="VerifyFundTransfer" time="3.531"/>
  <system-out/>
</testsuite> <!-- com.Guru99Bank._TC.FundTransfer_TC -->
