<?xml version="1.0" encoding="UTF-8"?>
<!-- Generated by org.testng.reporters.JUnitReportReporter -->
<testsuite hostname="DESKTOP-CCOTS10" failures="0" tests="1" name="com.Guru99Bank._TC.DeleteCustomerSection_TC" time="3.133" errors="0" timestamp="2023-08-26T10:59:43 IST" skipped="0">
  <testcase classname="com.Guru99Bank._TC.DeleteCustomerSection_TC" name="VerifyDeleteCustomer" time="3.133"/>
  <system-out/>
</testsuite> <!-- com.Guru99Bank._TC.DeleteCustomerSection_TC -->
