<?xml version="1.0" encoding="UTF-8"?>
<!-- Generated by org.testng.reporters.JUnitReportReporter -->
<testsuite hostname="DESKTOP-CCOTS10" failures="0" tests="1" name="com.Guru99Telecom_TC.AddCustomer_TC" time="3.858" errors="0" timestamp="2023-09-01T08:30:33 IST" skipped="0">
  <testcase classname="com.Guru99Telecom_TC.AddCustomer_TC" name="VerifyAddUser" time="3.858"/>
  <system-out/>
</testsuite> <!-- com.Guru99Telecom_TC.AddCustomer_TC -->
