<?xml version="1.0" encoding="UTF-8"?>
<!-- Generated by org.testng.reporters.JUnitReportReporter -->
<testsuite hostname="DESKTOP-CCOTS10" failures="0" tests="1" name="com.Guru99Bank._TC.LogoutSection_TC" time="2.903" errors="0" timestamp="2023-08-27T16:20:53 IST" skipped="0">
  <testcase classname="com.Guru99Bank._TC.LogoutSection_TC" name="VerifyLogoutSection" time="2.903"/>
  <system-out/>
</testsuite> <!-- com.Guru99Bank._TC.LogoutSection_TC -->
