<?xml version="1.0" encoding="UTF-8"?>
<!-- Generated by org.testng.reporters.JUnitReportReporter -->
<testsuite hostname="DESKTOP-CCOTS10" failures="0" tests="1" name="com.Guru99Bank._TC.EditCustomer_TC" time="7.555" errors="0" timestamp="2023-08-25T11:12:56 IST" skipped="0">
  <testcase classname="com.Guru99Bank._TC.EditCustomer_TC" name="VerifyEdit_Customer" time="7.555"/>
  <system-out/>
</testsuite> <!-- com.Guru99Bank._TC.EditCustomer_TC -->
