<?xml version="1.0" encoding="UTF-8"?>
<!-- Generated by org.testng.reporters.JUnitReportReporter -->
<testsuite hostname="DESKTOP-CCOTS10" failures="0" tests="1" name="com.Guru99Bank._TC.NewAccountSection_TC" time="3.417" errors="0" timestamp="2023-08-27T14:56:24 IST" skipped="0">
  <testcase classname="com.Guru99Bank._TC.NewAccountSection_TC" name="VerifyNewAccount" time="3.417"/>
  <system-out/>
</testsuite> <!-- com.Guru99Bank._TC.NewAccountSection_TC -->
