<?xml version="1.0" encoding="UTF-8"?>
<!-- Generated by org.testng.reporters.JUnitReportReporter -->
<testsuite hostname="DESKTOP-CCOTS10" failures="0" tests="1" name="com.Guru99Telecom_TC.AddCustomerToTariffPlan_TC" time="4.477" errors="0" timestamp="2023-09-01T08:30:58 IST" skipped="0">
  <testcase classname="com.Guru99Telecom_TC.AddCustomerToTariffPlan_TC" name="VerifyCustomerAddToTariffPlan" time="4.477"/>
  <system-out/>
</testsuite> <!-- com.Guru99Telecom_TC.AddCustomerToTariffPlan_TC -->
