<?xml version="1.0" encoding="UTF-8"?>
<!-- Generated by org.testng.reporters.JUnitReportReporter -->
<testsuite hostname="DESKTOP-CCOTS10" failures="0" tests="3" name="com.Guru99Insurance_TC.RegisterUser_TC" time="10.751" errors="0" timestamp="2024-01-06T18:16:44 IST" skipped="0">
  <testcase classname="com.Guru99Insurance_TC.RegisterUser_TC" name="VerifySignup_Page" time="5.114"/>
  <system-out/>
  <testcase classname="com.Guru99Insurance_TC.RegisterUser_TC" name="Verify_Login" time="3.351"/>
  <system-out/>
  <testcase classname="com.Guru99Insurance_TC.RegisterUser_TC" name="Verify_Logout" time="2.286"/>
  <system-out/>
</testsuite> <!-- com.Guru99Insurance_TC.RegisterUser_TC -->
